<?xml version="1.0" encoding="UTF-8"?>
<!-- Generated by org.testng.reporters.JUnitReportReporter -->
<testsuite skipped="0" hostname="gulbahars-MacBook-Pro.local" name="TestNGtest" tests="1" failures="0" timestamp="2020-05-19T18:19:54 EDT" time="0.006" errors="0">
  <testcase name="hello" time="0.006" classname="TestNGtest"/>
  <system-out/>
</testsuite> <!-- TestNGtest -->
