<?xml version="1.0" encoding="UTF-8"?>
<!-- Generated by org.testng.reporters.JUnitReportReporter -->
<testsuite skipped="1" hostname="gulbahars-MacBook-Pro.local" name="com.mypractices.Checkbox" tests="2" failures="0" timestamp="2020-05-20T12:53:46 EDT" time="0.006" errors="1">
  <testcase name="setUp" time="0.006" classname="com.mypractices.Checkbox">
    <error type="java.lang.StackOverflowError">
      <![CDATA[java.lang.StackOverflowError
at com.mypractices.Checkbox.setUp(Checkbox.java:17)
at com.mypractices.Checkbox.setUp(Checkbox.java:17)
at com.mypractices.Checkbox.setUp(Checkbox.java:17)
at com.mypractices.Checkbox.setUp(Checkbox.java:17)
at com.mypractices.Checkbox.setUp(Checkbox.java:17)
at com.mypractices.Checkbox.setUp(Checkbox.java:17)
at com.mypractices.Checkbox.setUp(Checkbox.java:17)
at com.mypractices.Checkbox.setUp(Checkbox.java:17)
at com.mypractices.Checkbox.setUp(Checkbox.java:17)
at com.mypractices.Checkbox.setUp(Checkbox.java:17)
at com.mypractices.Checkbox.setUp(Checkbox.java:17)
at com.mypractices.Checkbox.setUp(Checkbox.java:17)
at com.mypractices.Checkbox.setUp(Checkbox.java:17)
at com.mypractices.Checkbox.setUp(Checkbox.java:17)
at com.mypractices.Checkbox.setUp(Checkbox.java:17)
at com.mypractices.Checkbox.setUp(Checkbox.java:17)
at com.mypractices.Checkbox.setUp(Checkbox.java:17)
at com.mypractices.Checkbox.setUp(Checkbox.java:17)
at com.mypractices.Checkbox.setUp(Checkbox.java:17)
at com.mypractices.Checkbox.setUp(Checkbox.java:17)
at com.mypractices.Checkbox.setUp(Checkbox.java:17)
at com.mypractices.Checkbox.setUp(Checkbox.java:17)
at com.mypractices.Checkbox.setUp(Checkbox.java:17)
at com.mypractices.Checkbox.setUp(Checkbox.java:17)
at com.mypractices.Checkbox.setUp(Checkbox.java:17)
at com.mypractices.Checkbox.setUp(Checkbox.java:17)
at com.mypractices.Checkbox.setUp(Checkbox.java:17)
at com.mypractices.Checkbox.setUp(Checkbox.java:17)
at com.mypractices.Checkbox.setUp(Checkbox.java:17)
at com.mypractices.Checkbox.setUp(Checkbox.java:17)
at com.mypractices.Checkbox.setUp(Checkbox.java:17)
at com.mypractices.Checkbox.setUp(Checkbox.java:17)
at com.mypractices.Checkbox.setUp(Checkbox.java:17)
at com.mypractices.Checkbox.setUp(Checkbox.java:17)
at com.mypractices.Checkbox.setUp(Checkbox.java:17)
at com.mypractices.Checkbox.setUp(Checkbox.java:17)
at com.mypractices.Checkbox.setUp(Checkbox.java:17)
at com.mypractices.Checkbox.setUp(Checkbox.java:17)
at com.mypractices.Checkbox.setUp(Checkbox.java:17)
at com.mypractices.Checkbox.setUp(Checkbox.java:17)
at com.mypractices.Checkbox.setUp(Checkbox.java:17)
at com.mypractices.Checkbox.setUp(Checkbox.java:17)
at com.mypractices.Checkbox.setUp(Checkbox.java:17)
at com.mypractices.Checkbox.setUp(Checkbox.java:17)
at com.mypractices.Checkbox.setUp(Checkbox.java:17)
at com.mypractices.Checkbox.setUp(Checkbox.java:17)
at com.mypractices.Checkbox.setUp(Checkbox.java:17)
at com.mypractices.Checkbox.setUp(Checkbox.java:17)
at com.mypractices.Checkbox.setUp(Checkbox.java:17)
at com.mypractices.Checkbox.setUp(Checkbox.java:17)
at com.mypractices.Checkbox.setUp(Checkbox.java:17)
at com.mypractices.Checkbox.setUp(Checkbox.java:17)
at com.mypractices.Checkbox.setUp(Checkbox.java:17)
at com.mypractices.Checkbox.setUp(Checkbox.java:17)
at com.mypractices.Checkbox.setUp(Checkbox.java:17)
at com.mypractices.Checkbox.setUp(Checkbox.java:17)
at com.mypractices.Checkbox.setUp(Checkbox.java:17)
at com.mypractices.Checkbox.setUp(Checkbox.java:17)
at com.mypractices.Checkbox.setUp(Checkbox.java:17)
at com.mypractices.Checkbox.setUp(Checkbox.java:17)
at com.mypractices.Checkbox.setUp(Checkbox.java:17)
at com.mypractices.Checkbox.setUp(Checkbox.java:17)
at com.mypractices.Checkbox.setUp(Checkbox.java:17)
at com.mypractices.Checkbox.setUp(Checkbox.java:17)
at com.mypractices.Checkbox.setUp(Checkbox.java:17)
at com.mypractices.Checkbox.setUp(Checkbox.java:17)
at com.mypractices.Checkbox.setUp(Checkbox.java:17)
at com.mypractices.Checkbox.setUp(Checkbox.java:17)
at com.mypractices.Checkbox.setUp(Checkbox.java:17)
at com.mypractices.Checkbox.setUp(Checkbox.java:17)
at com.mypractices.Checkbox.setUp(Checkbox.java:17)
at com.mypractices.Checkbox.setUp(Checkbox.java:17)
at com.mypractices.Checkbox.setUp(Checkbox.java:17)
at com.mypractices.Checkbox.setUp(Checkbox.java:17)
at com.mypractices.Checkbox.setUp(Checkbox.java:17)
at com.mypractices.Checkbox.setUp(Checkbox.java:17)
at com.mypractices.Checkbox.setUp(Checkbox.java:17)
at com.mypractices.Checkbox.setUp(Checkbox.java:17)
at com.mypractices.Checkbox.setUp(Checkbox.java:17)
at com.mypractices.Checkbox.setUp(Checkbox.java:17)
at com.mypractices.Checkbox.setUp(Checkbox.java:17)
at com.mypractices.Checkbox.setUp(Checkbox.java:17)
at com.mypractices.Checkbox.setUp(Checkbox.java:17)
at com.mypractices.Checkbox.setUp(Checkbox.java:17)
at com.mypractices.Checkbox.setUp(Checkbox.java:17)
at com.mypractices.Checkbox.setUp(Checkbox.java:17)
at com.mypractices.Checkbox.setUp(Checkbox.java:17)
at com.mypractices.Checkbox.setUp(Checkbox.java:17)
at com.mypractices.Checkbox.setUp(Checkbox.java:17)
at com.mypractices.Checkbox.setUp(Checkbox.java:17)
at com.mypractices.Checkbox.setUp(Checkbox.java:17)
at com.mypractices.Checkbox.setUp(Checkbox.java:17)
at com.mypractices.Checkbox.setUp(Checkbox.java:17)
at com.mypractices.Checkbox.setUp(Checkbox.java:17)
at com.mypractices.Checkbox.setUp(Checkbox.java:17)
at com.mypractices.Checkbox.setUp(Checkbox.java:17)
at com.mypractices.Checkbox.setUp(Checkbox.java:17)
at com.mypractices.Checkbox.setUp(Checkbox.java:17)
at com.mypractices.Checkbox.setUp(Checkbox.java:17)
at com.mypractices.Checkbox.setUp(Checkbox.java:17)
at com.mypractices.Checkbox.setUp(Checkbox.java:17)
at com.mypractices.Checkbox.setUp(Checkbox.java:17)
at com.mypractices.Checkbox.setUp(Checkbox.java:17)
at com.mypractices.Checkbox.setUp(Checkbox.java:17)
at com.mypractices.Checkbox.setUp(Checkbox.java:17)
at com.mypractices.Checkbox.setUp(Checkbox.java:17)
at com.mypractices.Checkbox.setUp(Checkbox.java:17)
at com.mypractices.Checkbox.setUp(Checkbox.java:17)
at com.mypractices.Checkbox.setUp(Checkbox.java:17)
at com.mypractices.Checkbox.setUp(Checkbox.java:17)
at com.mypractices.Checkbox.setUp(Checkbox.java:17)
at com.mypractices.Checkbox.setUp(Checkbox.java:17)
at com.mypractices.Checkbox.setUp(Checkbox.java:17)
at com.mypractices.Checkbox.setUp(Checkbox.java:17)
at com.mypractices.Checkbox.setUp(Checkbox.java:17)
at com.mypractices.Checkbox.setUp(Checkbox.java:17)
at com.mypractices.Checkbox.setUp(Checkbox.java:17)
at com.mypractices.Checkbox.setUp(Checkbox.java:17)
at com.mypractices.Checkbox.setUp(Checkbox.java:17)
at com.mypractices.Checkbox.setUp(Checkbox.java:17)
at com.mypractices.Checkbox.setUp(Checkbox.java:17)
at com.mypractices.Checkbox.setUp(Checkbox.java:17)
at com.mypractices.Checkbox.setUp(Checkbox.java:17)
at com.mypractices.Checkbox.setUp(Checkbox.java:17)
at com.mypractices.Checkbox.setUp(Checkbox.java:17)
at com.mypractices.Checkbox.setUp(Checkbox.java:17)
at com.mypractices.Checkbox.setUp(Checkbox.java:17)
at com.mypractices.Checkbox.setUp(Checkbox.java:17)
at com.mypractices.Checkbox.setUp(Checkbox.java:17)
at com.mypractices.Checkbox.setUp(Checkbox.java:17)
at com.mypractices.Checkbox.setUp(Checkbox.java:17)
at com.mypractices.Checkbox.setUp(Checkbox.java:17)
at com.mypractices.Checkbox.setUp(Checkbox.java:17)
at com.mypractices.Checkbox.setUp(Checkbox.java:17)
at com.mypractices.Checkbox.setUp(Checkbox.java:17)
at com.mypractices.Checkbox.setUp(Checkbox.java:17)
at com.mypractices.Checkbox.setUp(Checkbox.java:17)
at com.mypractices.Checkbox.setUp(Checkbox.java:17)
at com.mypractices.Checkbox.setUp(Checkbox.java:17)
at com.mypractices.Checkbox.setUp(Checkbox.java:17)
at com.mypractices.Checkbox.setUp(Checkbox.java:17)
at com.mypractices.Checkbox.setUp(Checkbox.java:17)
at com.mypractices.Checkbox.setUp(Checkbox.java:17)
at com.mypractices.Checkbox.setUp(Checkbox.java:17)
at com.mypractices.Checkbox.setUp(Checkbox.java:17)
at com.mypractices.Checkbox.setUp(Checkbox.java:17)
at com.mypractices.Checkbox.setUp(Checkbox.java:17)
at com.mypractices.Checkbox.setUp(Checkbox.java:17)
at com.mypractices.Checkbox.setUp(Checkbox.java:17)
at com.mypractices.Checkbox.setUp(Checkbox.java:17)
at com.mypractices.Checkbox.setUp(Checkbox.java:17)
at com.mypractices.Checkbox.setUp(Checkbox.java:17)
at com.mypractices.Checkbox.setUp(Checkbox.java:17)
at com.mypractices.Checkbox.setUp(Checkbox.java:17)
at com.mypractices.Checkbox.setUp(Checkbox.java:17)
at com.mypractices.Checkbox.setUp(Checkbox.java:17)
at com.mypractices.Checkbox.setUp(Checkbox.java:17)
at com.mypractices.Checkbox.setUp(Checkbox.java:17)
at com.mypractices.Checkbox.setUp(Checkbox.java:17)
at com.mypractices.Checkbox.setUp(Checkbox.java:17)
at com.mypractices.Checkbox.setUp(Checkbox.java:17)
at com.mypractices.Checkbox.setUp(Checkbox.java:17)
at com.mypractices.Checkbox.setUp(Checkbox.java:17)
at com.mypractices.Checkbox.setUp(Checkbox.java:17)
at com.mypractices.Checkbox.setUp(Checkbox.java:17)
at com.mypractices.Checkbox.setUp(Checkbox.java:17)
at com.mypractices.Checkbox.setUp(Checkbox.java:17)
at com.mypractices.Checkbox.setUp(Checkbox.java:17)
at com.mypractices.Checkbox.setUp(Checkbox.java:17)
at com.mypractices.Checkbox.setUp(Checkbox.java:17)
at com.mypractices.Checkbox.setUp(Checkbox.java:17)
at com.mypractices.Checkbox.setUp(Checkbox.java:17)
at com.mypractices.Checkbox.setUp(Checkbox.java:17)
at com.mypractices.Checkbox.setUp(Checkbox.java:17)
at com.mypractices.Checkbox.setUp(Checkbox.java:17)
at com.mypractices.Checkbox.setUp(Checkbox.java:17)
at com.mypractices.Checkbox.setUp(Checkbox.java:17)
at com.mypractices.Checkbox.setUp(Checkbox.java:17)
at com.mypractices.Checkbox.setUp(Checkbox.java:17)
at com.mypractices.Checkbox.setUp(Checkbox.java:17)
at com.mypractices.Checkbox.setUp(Checkbox.java:17)
at com.mypractices.Checkbox.setUp(Checkbox.java:17)
at com.mypractices.Checkbox.setUp(Checkbox.java:17)
at com.mypractices.Checkbox.setUp(Checkbox.java:17)
at com.mypractices.Checkbox.setUp(Checkbox.java:17)
at com.mypractices.Checkbox.setUp(Checkbox.java:17)
at com.mypractices.Checkbox.setUp(Checkbox.java:17)
at com.mypractices.Checkbox.setUp(Checkbox.java:17)
at com.mypractices.Checkbox.setUp(Checkbox.java:17)
at com.mypractices.Checkbox.setUp(Checkbox.java:17)
at com.mypractices.Checkbox.setUp(Checkbox.java:17)
at com.mypractices.Checkbox.setUp(Checkbox.java:17)
at com.mypractices.Checkbox.setUp(Checkbox.java:17)
at com.mypractices.Checkbox.setUp(Checkbox.java:17)
at com.mypractices.Checkbox.setUp(Checkbox.java:17)
at com.mypractices.Checkbox.setUp(Checkbox.java:17)
at com.mypractices.Checkbox.setUp(Checkbox.java:17)
at com.mypractices.Checkbox.setUp(Checkbox.java:17)
at com.mypractices.Checkbox.setUp(Checkbox.java:17)
at com.mypractices.Checkbox.setUp(Checkbox.java:17)
at com.mypractices.Checkbox.setUp(Checkbox.java:17)
at com.mypractices.Checkbox.setUp(Checkbox.java:17)
at com.mypractices.Checkbox.setUp(Checkbox.java:17)
at com.mypractices.Checkbox.setUp(Checkbox.java:17)
at com.mypractices.Checkbox.setUp(Checkbox.java:17)
at com.mypractices.Checkbox.setUp(Checkbox.java:17)
at com.mypractices.Checkbox.setUp(Checkbox.java:17)
at com.mypractices.Checkbox.setUp(Checkbox.java:17)
at com.mypractices.Checkbox.setUp(Checkbox.java:17)
at com.mypractices.Checkbox.setUp(Checkbox.java:17)
at com.mypractices.Checkbox.setUp(Checkbox.java:17)
at com.mypractices.Checkbox.setUp(Checkbox.java:17)
at com.mypractices.Checkbox.setUp(Checkbox.java:17)
at com.mypractices.Checkbox.setUp(Checkbox.java:17)
at com.mypractices.Checkbox.setUp(Checkbox.java:17)
at com.mypractices.Checkbox.setUp(Checkbox.java:17)
at com.mypractices.Checkbox.setUp(Checkbox.java:17)
at com.mypractices.Checkbox.setUp(Checkbox.java:17)
at com.mypractices.Checkbox.setUp(Checkbox.java:17)
at com.mypractices.Checkbox.setUp(Checkbox.java:17)
at com.mypractices.Checkbox.setUp(Checkbox.java:17)
at com.mypractices.Checkbox.setUp(Checkbox.java:17)
at com.mypractices.Checkbox.setUp(Checkbox.java:17)
at com.mypractices.Checkbox.setUp(Checkbox.java:17)
at com.mypractices.Checkbox.setUp(Checkbox.java:17)
at com.mypractices.Checkbox.setUp(Checkbox.java:17)
at com.mypractices.Checkbox.setUp(Checkbox.java:17)
at com.mypractices.Checkbox.setUp(Checkbox.java:17)
at com.mypractices.Checkbox.setUp(Checkbox.java:17)
at com.mypractices.Checkbox.setUp(Checkbox.java:17)
at com.mypractices.Checkbox.setUp(Checkbox.java:17)
at com.mypractices.Checkbox.setUp(Checkbox.java:17)
at com.mypractices.Checkbox.setUp(Checkbox.java:17)
at com.mypractices.Checkbox.setUp(Checkbox.java:17)
at com.mypractices.Checkbox.setUp(Checkbox.java:17)
at com.mypractices.Checkbox.setUp(Checkbox.java:17)
at com.mypractices.Checkbox.setUp(Checkbox.java:17)
at com.mypractices.Checkbox.setUp(Checkbox.java:17)
at com.mypractices.Checkbox.setUp(Checkbox.java:17)
at com.mypractices.Checkbox.setUp(Checkbox.java:17)
at com.mypractices.Checkbox.setUp(Checkbox.java:17)
at com.mypractices.Checkbox.setUp(Checkbox.java:17)
at com.mypractices.Checkbox.setUp(Checkbox.java:17)
at com.mypractices.Checkbox.setUp(Checkbox.java:17)
at com.mypractices.Checkbox.setUp(Checkbox.java:17)
at com.mypractices.Checkbox.setUp(Checkbox.java:17)
at com.mypractices.Checkbox.setUp(Checkbox.java:17)
at com.mypractices.Checkbox.setUp(Checkbox.java:17)
at com.mypractices.Checkbox.setUp(Checkbox.java:17)
at com.mypractices.Checkbox.setUp(Checkbox.java:17)
at com.mypractices.Checkbox.setUp(Checkbox.java:17)
at com.mypractices.Checkbox.setUp(Checkbox.java:17)
at com.mypractices.Checkbox.setUp(Checkbox.java:17)
at com.mypractices.Checkbox.setUp(Checkbox.java:17)
at com.mypractices.Checkbox.setUp(Checkbox.java:17)
at com.mypractices.Checkbox.setUp(Checkbox.java:17)
at com.mypractices.Checkbox.setUp(Checkbox.java:17)
at com.mypractices.Checkbox.setUp(Checkbox.java:17)
at com.mypractices.Checkbox.setUp(Checkbox.java:17)
at com.mypractices.Checkbox.setUp(Checkbox.java:17)
at com.mypractices.Checkbox.setUp(Checkbox.java:17)
at com.mypractices.Checkbox.setUp(Checkbox.java:17)
at com.mypractices.Checkbox.setUp(Checkbox.java:17)
at com.mypractices.Checkbox.setUp(Checkbox.java:17)
at com.mypractices.Checkbox.setUp(Checkbox.java:17)
at com.mypractices.Checkbox.setUp(Checkbox.java:17)
at com.mypractices.Checkbox.setUp(Checkbox.java:17)
at com.mypractices.Checkbox.setUp(Checkbox.java:17)
at com.mypractices.Checkbox.setUp(Checkbox.java:17)
at com.mypractices.Checkbox.setUp(Checkbox.java:17)
at com.mypractices.Checkbox.setUp(Checkbox.java:17)
at com.mypractices.Checkbox.setUp(Checkbox.java:17)
at com.mypractices.Checkbox.setUp(Checkbox.java:17)
at com.mypractices.Checkbox.setUp(Checkbox.java:17)
at com.mypractices.Checkbox.setUp(Checkbox.java:17)
at com.mypractices.Checkbox.setUp(Checkbox.java:17)
at com.mypractices.Checkbox.setUp(Checkbox.java:17)
at com.mypractices.Checkbox.setUp(Checkbox.java:17)
at com.mypractices.Checkbox.setUp(Checkbox.java:17)
at com.mypractices.Checkbox.setUp(Checkbox.java:17)
at com.mypractices.Checkbox.setUp(Checkbox.java:17)
at com.mypractices.Checkbox.setUp(Checkbox.java:17)
at com.mypractices.Checkbox.setUp(Checkbox.java:17)
at com.mypractices.Checkbox.setUp(Checkbox.java:17)
at com.mypractices.Checkbox.setUp(Checkbox.java:17)
at com.mypractices.Checkbox.setUp(Checkbox.java:17)
at com.mypractices.Checkbox.setUp(Checkbox.java:17)
at com.mypractices.Checkbox.setUp(Checkbox.java:17)
at com.mypractices.Checkbox.setUp(Checkbox.java:17)
at com.mypractices.Checkbox.setUp(Checkbox.java:17)
at com.mypractices.Checkbox.setUp(Checkbox.java:17)
at com.mypractices.Checkbox.setUp(Checkbox.java:17)
at com.mypractices.Checkbox.setUp(Checkbox.java:17)
at com.mypractices.Checkbox.setUp(Checkbox.java:17)
at com.mypractices.Checkbox.setUp(Checkbox.java:17)
at com.mypractices.Checkbox.setUp(Checkbox.java:17)
at com.mypractices.Checkbox.setUp(Checkbox.java:17)
at com.mypractices.Checkbox.setUp(Checkbox.java:17)
at com.mypractices.Checkbox.setUp(Checkbox.java:17)
at com.mypractices.Checkbox.setUp(Checkbox.java:17)
at com.mypractices.Checkbox.setUp(Checkbox.java:17)
at com.mypractices.Checkbox.setUp(Checkbox.java:17)
at com.mypractices.Checkbox.setUp(Checkbox.java:17)
at com.mypractices.Checkbox.setUp(Checkbox.java:17)
at com.mypractices.Checkbox.setUp(Checkbox.java:17)
at com.mypractices.Checkbox.setUp(Checkbox.java:17)
at com.mypractices.Checkbox.setUp(Checkbox.java:17)
at com.mypractices.Checkbox.setUp(Checkbox.java:17)
at com.mypractices.Checkbox.setUp(Checkbox.java:17)
at com.mypractices.Checkbox.setUp(Checkbox.java:17)
at com.mypractices.Checkbox.setUp(Checkbox.java:17)
at com.mypractices.Checkbox.setUp(Checkbox.java:17)
at com.mypractices.Checkbox.setUp(Checkbox.java:17)
at com.mypractices.Checkbox.setUp(Checkbox.java:17)
at com.mypractices.Checkbox.setUp(Checkbox.java:17)
at com.mypractices.Checkbox.setUp(Checkbox.java:17)
at com.mypractices.Checkbox.setUp(Checkbox.java:17)
at com.mypractices.Checkbox.setUp(Checkbox.java:17)
at com.mypractices.Checkbox.setUp(Checkbox.java:17)
at com.mypractices.Checkbox.setUp(Checkbox.java:17)
at com.mypractices.Checkbox.setUp(Checkbox.java:17)
at com.mypractices.Checkbox.setUp(Checkbox.java:17)
at com.mypractices.Checkbox.setUp(Checkbox.java:17)
at com.mypractices.Checkbox.setUp(Checkbox.java:17)
at com.mypractices.Checkbox.setUp(Checkbox.java:17)
at com.mypractices.Checkbox.setUp(Checkbox.java:17)
at com.mypractices.Checkbox.setUp(Checkbox.java:17)
at com.mypractices.Checkbox.setUp(Checkbox.java:17)
at com.mypractices.Checkbox.setUp(Checkbox.java:17)
at com.mypractices.Checkbox.setUp(Checkbox.java:17)
at com.mypractices.Checkbox.setUp(Checkbox.java:17)
at com.mypractices.Checkbox.setUp(Checkbox.java:17)
at com.mypractices.Checkbox.setUp(Checkbox.java:17)
at com.mypractices.Checkbox.setUp(Checkbox.java:17)
at com.mypractices.Checkbox.setUp(Checkbox.java:17)
at com.mypractices.Checkbox.setUp(Checkbox.java:17)
at com.mypractices.Checkbox.setUp(Checkbox.java:17)
at com.mypractices.Checkbox.setUp(Checkbox.java:17)
at com.mypractices.Checkbox.setUp(Checkbox.java:17)
at com.mypractices.Checkbox.setUp(Checkbox.java:17)
at com.mypractices.Checkbox.setUp(Checkbox.java:17)
at com.mypractices.Checkbox.setUp(Checkbox.java:17)
at com.mypractices.Checkbox.setUp(Checkbox.java:17)
at com.mypractices.Checkbox.setUp(Checkbox.java:17)
at com.mypractices.Checkbox.setUp(Checkbox.java:17)
at com.mypractices.Checkbox.setUp(Checkbox.java:17)
at com.mypractices.Checkbox.setUp(Checkbox.java:17)
at com.mypractices.Checkbox.setUp(Checkbox.java:17)
at com.mypractices.Checkbox.setUp(Checkbox.java:17)
at com.mypractices.Checkbox.setUp(Checkbox.java:17)
at com.mypractices.Checkbox.setUp(Checkbox.java:17)
at com.mypractices.Checkbox.setUp(Checkbox.java:17)
at com.mypractices.Checkbox.setUp(Checkbox.java:17)
at com.mypractices.Checkbox.setUp(Checkbox.java:17)
at com.mypractices.Checkbox.setUp(Checkbox.java:17)
at com.mypractices.Checkbox.setUp(Checkbox.java:17)
at com.mypractices.Checkbox.setUp(Checkbox.java:17)
at com.mypractices.Checkbox.setUp(Checkbox.java:17)
at com.mypractices.Checkbox.setUp(Checkbox.java:17)
at com.mypractices.Checkbox.setUp(Checkbox.java:17)
at com.mypractices.Checkbox.setUp(Checkbox.java:17)
at com.mypractices.Checkbox.setUp(Checkbox.java:17)
at com.mypractices.Checkbox.setUp(Checkbox.java:17)
at com.mypractices.Checkbox.setUp(Checkbox.java:17)
at com.mypractices.Checkbox.setUp(Checkbox.java:17)
at com.mypractices.Checkbox.setUp(Checkbox.java:17)
at com.mypractices.Checkbox.setUp(Checkbox.java:17)
at com.mypractices.Checkbox.setUp(Checkbox.java:17)
at com.mypractices.Checkbox.setUp(Checkbox.java:17)
at com.mypractices.Checkbox.setUp(Checkbox.java:17)
at com.mypractices.Checkbox.setUp(Checkbox.java:17)
at com.mypractices.Checkbox.setUp(Checkbox.java:17)
at com.mypractices.Checkbox.setUp(Checkbox.java:17)
at com.mypractices.Checkbox.setUp(Checkbox.java:17)
at com.mypractices.Checkbox.setUp(Checkbox.java:17)
at com.mypractices.Checkbox.setUp(Checkbox.java:17)
at com.mypractices.Checkbox.setUp(Checkbox.java:17)
at com.mypractices.Checkbox.setUp(Checkbox.java:17)
at com.mypractices.Checkbox.setUp(Checkbox.java:17)
at com.mypractices.Checkbox.setUp(Checkbox.java:17)
at com.mypractices.Checkbox.setUp(Checkbox.java:17)
at com.mypractices.Checkbox.setUp(Checkbox.java:17)
at com.mypractices.Checkbox.setUp(Checkbox.java:17)
at com.mypractices.Checkbox.setUp(Checkbox.java:17)
at com.mypractices.Checkbox.setUp(Checkbox.java:17)
at com.mypractices.Checkbox.setUp(Checkbox.java:17)
at com.mypractices.Checkbox.setUp(Checkbox.java:17)
at com.mypractices.Checkbox.setUp(Checkbox.java:17)
at com.mypractices.Checkbox.setUp(Checkbox.java:17)
at com.mypractices.Checkbox.setUp(Checkbox.java:17)
at com.mypractices.Checkbox.setUp(Checkbox.java:17)
at com.mypractices.Checkbox.setUp(Checkbox.java:17)
at com.mypractices.Checkbox.setUp(Checkbox.java:17)
at com.mypractices.Checkbox.setUp(Checkbox.java:17)
at com.mypractices.Checkbox.setUp(Checkbox.java:17)
at com.mypractices.Checkbox.setUp(Checkbox.java:17)
at com.mypractices.Checkbox.setUp(Checkbox.java:17)
at com.mypractices.Checkbox.setUp(Checkbox.java:17)
at com.mypractices.Checkbox.setUp(Checkbox.java:17)
at com.mypractices.Checkbox.setUp(Checkbox.java:17)
at com.mypractices.Checkbox.setUp(Checkbox.java:17)
at com.mypractices.Checkbox.setUp(Checkbox.java:17)
at com.mypractices.Checkbox.setUp(Checkbox.java:17)
at com.mypractices.Checkbox.setUp(Checkbox.java:17)
at com.mypractices.Checkbox.setUp(Checkbox.java:17)
at com.mypractices.Checkbox.setUp(Checkbox.java:17)
at com.mypractices.Checkbox.setUp(Checkbox.java:17)
at com.mypractices.Checkbox.setUp(Checkbox.java:17)
at com.mypractices.Checkbox.setUp(Checkbox.java:17)
at com.mypractices.Checkbox.setUp(Checkbox.java:17)
at com.mypractices.Checkbox.setUp(Checkbox.java:17)
at com.mypractices.Checkbox.setUp(Checkbox.java:17)
at com.mypractices.Checkbox.setUp(Checkbox.java:17)
at com.mypractices.Checkbox.setUp(Checkbox.java:17)
at com.mypractices.Checkbox.setUp(Checkbox.java:17)
at com.mypractices.Checkbox.setUp(Checkbox.java:17)
at com.mypractices.Checkbox.setUp(Checkbox.java:17)
at com.mypractices.Checkbox.setUp(Checkbox.java:17)
at com.mypractices.Checkbox.setUp(Checkbox.java:17)
at com.mypractices.Checkbox.setUp(Checkbox.java:17)
at com.mypractices.Checkbox.setUp(Checkbox.java:17)
at com.mypractices.Checkbox.setUp(Checkbox.java:17)
at com.mypractices.Checkbox.setUp(Checkbox.java:17)
at com.mypractices.Checkbox.setUp(Checkbox.java:17)
at com.mypractices.Checkbox.setUp(Checkbox.java:17)
at com.mypractices.Checkbox.setUp(Checkbox.java:17)
at com.mypractices.Checkbox.setUp(Checkbox.java:17)
at com.mypractices.Checkbox.setUp(Checkbox.java:17)
at com.mypractices.Checkbox.setUp(Checkbox.java:17)
at com.mypractices.Checkbox.setUp(Checkbox.java:17)
at com.mypractices.Checkbox.setUp(Checkbox.java:17)
at com.mypractices.Checkbox.setUp(Checkbox.java:17)
at com.mypractices.Checkbox.setUp(Checkbox.java:17)
at com.mypractices.Checkbox.setUp(Checkbox.java:17)
at com.mypractices.Checkbox.setUp(Checkbox.java:17)
at com.mypractices.Checkbox.setUp(Checkbox.java:17)
at com.mypractices.Checkbox.setUp(Checkbox.java:17)
at com.mypractices.Checkbox.setUp(Checkbox.java:17)
at com.mypractices.Checkbox.setUp(Checkbox.java:17)
at com.mypractices.Checkbox.setUp(Checkbox.java:17)
at com.mypractices.Checkbox.setUp(Checkbox.java:17)
at com.mypractices.Checkbox.setUp(Checkbox.java:17)
at com.mypractices.Checkbox.setUp(Checkbox.java:17)
at com.mypractices.Checkbox.setUp(Checkbox.java:17)
at com.mypractices.Checkbox.setUp(Checkbox.java:17)
at com.mypractices.Checkbox.setUp(Checkbox.java:17)
at com.mypractices.Checkbox.setUp(Checkbox.java:17)
at com.mypractices.Checkbox.setUp(Checkbox.java:17)
at com.mypractices.Checkbox.setUp(Checkbox.java:17)
at com.mypractices.Checkbox.setUp(Checkbox.java:17)
at com.mypractices.Checkbox.setUp(Checkbox.java:17)
at com.mypractices.Checkbox.setUp(Checkbox.java:17)
at com.mypractices.Checkbox.setUp(Checkbox.java:17)
at com.mypractices.Checkbox.setUp(Checkbox.java:17)
at com.mypractices.Checkbox.setUp(Checkbox.java:17)
at com.mypractices.Checkbox.setUp(Checkbox.java:17)
at com.mypractices.Checkbox.setUp(Checkbox.java:17)
at com.mypractices.Checkbox.setUp(Checkbox.java:17)
at com.mypractices.Checkbox.setUp(Checkbox.java:17)
at com.mypractices.Checkbox.setUp(Checkbox.java:17)
at com.mypractices.Checkbox.setUp(Checkbox.java:17)
at com.mypractices.Checkbox.setUp(Checkbox.java:17)
at com.mypractices.Checkbox.setUp(Checkbox.java:17)
at com.mypractices.Checkbox.setUp(Checkbox.java:17)
at com.mypractices.Checkbox.setUp(Checkbox.java:17)
at com.mypractices.Checkbox.setUp(Checkbox.java:17)
at com.mypractices.Checkbox.setUp(Checkbox.java:17)
at com.mypractices.Checkbox.setUp(Checkbox.java:17)
at com.mypractices.Checkbox.setUp(Checkbox.java:17)
at com.mypractices.Checkbox.setUp(Checkbox.java:17)
at com.mypractices.Checkbox.setUp(Checkbox.java:17)
at com.mypractices.Checkbox.setUp(Checkbox.java:17)
at com.mypractices.Checkbox.setUp(Checkbox.java:17)
at com.mypractices.Checkbox.setUp(Checkbox.java:17)
at com.mypractices.Checkbox.setUp(Checkbox.java:17)
at com.mypractices.Checkbox.setUp(Checkbox.java:17)
at com.mypractices.Checkbox.setUp(Checkbox.java:17)
at com.mypractices.Checkbox.setUp(Checkbox.java:17)
at com.mypractices.Checkbox.setUp(Checkbox.java:17)
at com.mypractices.Checkbox.setUp(Checkbox.java:17)
at com.mypractices.Checkbox.setUp(Checkbox.java:17)
at com.mypractices.Checkbox.setUp(Checkbox.java:17)
at com.mypractices.Checkbox.setUp(Checkbox.java:17)
at com.mypractices.Checkbox.setUp(Checkbox.java:17)
at com.mypractices.Checkbox.setUp(Checkbox.java:17)
at com.mypractices.Checkbox.setUp(Checkbox.java:17)
at com.mypractices.Checkbox.setUp(Checkbox.java:17)
at com.mypractices.Checkbox.setUp(Checkbox.java:17)
at com.mypractices.Checkbox.setUp(Checkbox.java:17)
at com.mypractices.Checkbox.setUp(Checkbox.java:17)
at com.mypractices.Checkbox.setUp(Checkbox.java:17)
at com.mypractices.Checkbox.setUp(Checkbox.java:17)
at com.mypractices.Checkbox.setUp(Checkbox.java:17)
at com.mypractices.Checkbox.setUp(Checkbox.java:17)
at com.mypractices.Checkbox.setUp(Checkbox.java:17)
at com.mypractices.Checkbox.setUp(Checkbox.java:17)
at com.mypractices.Checkbox.setUp(Checkbox.java:17)
at com.mypractices.Checkbox.setUp(Checkbox.java:17)
at com.mypractices.Checkbox.setUp(Checkbox.java:17)
at com.mypractices.Checkbox.setUp(Checkbox.java:17)
at com.mypractices.Checkbox.setUp(Checkbox.java:17)
at com.mypractices.Checkbox.setUp(Checkbox.java:17)
at com.mypractices.Checkbox.setUp(Checkbox.java:17)
at com.mypractices.Checkbox.setUp(Checkbox.java:17)
at com.mypractices.Checkbox.setUp(Checkbox.java:17)
at com.mypractices.Checkbox.setUp(Checkbox.java:17)
at com.mypractices.Checkbox.setUp(Checkbox.java:17)
at com.mypractices.Checkbox.setUp(Checkbox.java:17)
at com.mypractices.Checkbox.setUp(Checkbox.java:17)
at com.mypractices.Checkbox.setUp(Checkbox.java:17)
at com.mypractices.Checkbox.setUp(Checkbox.java:17)
at com.mypractices.Checkbox.setUp(Checkbox.java:17)
at com.mypractices.Checkbox.setUp(Checkbox.java:17)
at com.mypractices.Checkbox.setUp(Checkbox.java:17)
at com.mypractices.Checkbox.setUp(Checkbox.java:17)
at com.mypractices.Checkbox.setUp(Checkbox.java:17)
at com.mypractices.Checkbox.setUp(Checkbox.java:17)
at com.mypractices.Checkbox.setUp(Checkbox.java:17)
at com.mypractices.Checkbox.setUp(Checkbox.java:17)
at com.mypractices.Checkbox.setUp(Checkbox.java:17)
at com.mypractices.Checkbox.setUp(Checkbox.java:17)
at com.mypractices.Checkbox.setUp(Checkbox.java:17)
at com.mypractices.Checkbox.setUp(Checkbox.java:17)
at com.mypractices.Checkbox.setUp(Checkbox.java:17)
at com.mypractices.Checkbox.setUp(Checkbox.java:17)
at com.mypractices.Checkbox.setUp(Checkbox.java:17)
at com.mypractices.Checkbox.setUp(Checkbox.java:17)
at com.mypractices.Checkbox.setUp(Checkbox.java:17)
at com.mypractices.Checkbox.setUp(Checkbox.java:17)
at com.mypractices.Checkbox.setUp(Checkbox.java:17)
at com.mypractices.Checkbox.setUp(Checkbox.java:17)
at com.mypractices.Checkbox.setUp(Checkbox.java:17)
at com.mypractices.Checkbox.setUp(Checkbox.java:17)
at com.mypractices.Checkbox.setUp(Checkbox.java:17)
at com.mypractices.Checkbox.setUp(Checkbox.java:17)
at com.mypractices.Checkbox.setUp(Checkbox.java:17)
at com.mypractices.Checkbox.setUp(Checkbox.java:17)
at com.mypractices.Checkbox.setUp(Checkbox.java:17)
at com.mypractices.Checkbox.setUp(Checkbox.java:17)
at com.mypractices.Checkbox.setUp(Checkbox.java:17)
at com.mypractices.Checkbox.setUp(Checkbox.java:17)
at com.mypractices.Checkbox.setUp(Checkbox.java:17)
at com.mypractices.Checkbox.setUp(Checkbox.java:17)
at com.mypractices.Checkbox.setUp(Checkbox.java:17)
at com.mypractices.Checkbox.setUp(Checkbox.java:17)
at com.mypractices.Checkbox.setUp(Checkbox.java:17)
at com.mypractices.Checkbox.setUp(Checkbox.java:17)
at com.mypractices.Checkbox.setUp(Checkbox.java:17)
at com.mypractices.Checkbox.setUp(Checkbox.java:17)
at com.mypractices.Checkbox.setUp(Checkbox.java:17)
at com.mypractices.Checkbox.setUp(Checkbox.java:17)
at com.mypractices.Checkbox.setUp(Checkbox.java:17)
at com.mypractices.Checkbox.setUp(Checkbox.java:17)
at com.mypractices.Checkbox.setUp(Checkbox.java:17)
at com.mypractices.Checkbox.setUp(Checkbox.java:17)
at com.mypractices.Checkbox.setUp(Checkbox.java:17)
at com.mypractices.Checkbox.setUp(Checkbox.java:17)
at com.mypractices.Checkbox.setUp(Checkbox.java:17)
at com.mypractices.Checkbox.setUp(Checkbox.java:17)
at com.mypractices.Checkbox.setUp(Checkbox.java:17)
at com.mypractices.Checkbox.setUp(Checkbox.java:17)
at com.mypractices.Checkbox.setUp(Checkbox.java:17)
at com.mypractices.Checkbox.setUp(Checkbox.java:17)
at com.mypractices.Checkbox.setUp(Checkbox.java:17)
at com.mypractices.Checkbox.setUp(Checkbox.java:17)
at com.mypractices.Checkbox.setUp(Checkbox.java:17)
at com.mypractices.Checkbox.setUp(Checkbox.java:17)
at com.mypractices.Checkbox.setUp(Checkbox.java:17)
at com.mypractices.Checkbox.setUp(Checkbox.java:17)
at com.mypractices.Checkbox.setUp(Checkbox.java:17)
at com.mypractices.Checkbox.setUp(Checkbox.java:17)
at com.mypractices.Checkbox.setUp(Checkbox.java:17)
at com.mypractices.Checkbox.setUp(Checkbox.java:17)
at com.mypractices.Checkbox.setUp(Checkbox.java:17)
at com.mypractices.Checkbox.setUp(Checkbox.java:17)
at com.mypractices.Checkbox.setUp(Checkbox.java:17)
at com.mypractices.Checkbox.setUp(Checkbox.java:17)
at com.mypractices.Checkbox.setUp(Checkbox.java:17)
at com.mypractices.Checkbox.setUp(Checkbox.java:17)
at com.mypractices.Checkbox.setUp(Checkbox.java:17)
at com.mypractices.Checkbox.setUp(Checkbox.java:17)
at com.mypractices.Checkbox.setUp(Checkbox.java:17)
at com.mypractices.Checkbox.setUp(Checkbox.java:17)
at com.mypractices.Checkbox.setUp(Checkbox.java:17)
at com.mypractices.Checkbox.setUp(Checkbox.java:17)
at com.mypractices.Checkbox.setUp(Checkbox.java:17)
at com.mypractices.Checkbox.setUp(Checkbox.java:17)
at com.mypractices.Checkbox.setUp(Checkbox.java:17)
at com.mypractices.Checkbox.setUp(Checkbox.java:17)
at com.mypractices.Checkbox.setUp(Checkbox.java:17)
at com.mypractices.Checkbox.setUp(Checkbox.java:17)
at com.mypractices.Checkbox.setUp(Checkbox.java:17)
at com.mypractices.Checkbox.setUp(Checkbox.java:17)
at com.mypractices.Checkbox.setUp(Checkbox.java:17)
at com.mypractices.Checkbox.setUp(Checkbox.java:17)
at com.mypractices.Checkbox.setUp(Checkbox.java:17)
at com.mypractices.Checkbox.setUp(Checkbox.java:17)
at com.mypractices.Checkbox.setUp(Checkbox.java:17)
at com.mypractices.Checkbox.setUp(Checkbox.java:17)
at com.mypractices.Checkbox.setUp(Checkbox.java:17)
at com.mypractices.Checkbox.setUp(Checkbox.java:17)
at com.mypractices.Checkbox.setUp(Checkbox.java:17)
at com.mypractices.Checkbox.setUp(Checkbox.java:17)
at com.mypractices.Checkbox.setUp(Checkbox.java:17)
at com.mypractices.Checkbox.setUp(Checkbox.java:17)
at com.mypractices.Checkbox.setUp(Checkbox.java:17)
at com.mypractices.Checkbox.setUp(Checkbox.java:17)
at com.mypractices.Checkbox.setUp(Checkbox.java:17)
at com.mypractices.Checkbox.setUp(Checkbox.java:17)
at com.mypractices.Checkbox.setUp(Checkbox.java:17)
at com.mypractices.Checkbox.setUp(Checkbox.java:17)
at com.mypractices.Checkbox.setUp(Checkbox.java:17)
at com.mypractices.Checkbox.setUp(Checkbox.java:17)
at com.mypractices.Checkbox.setUp(Checkbox.java:17)
at com.mypractices.Checkbox.setUp(Checkbox.java:17)
at com.mypractices.Checkbox.setUp(Checkbox.java:17)
at com.mypractices.Checkbox.setUp(Checkbox.java:17)
at com.mypractices.Checkbox.setUp(Checkbox.java:17)
at com.mypractices.Checkbox.setUp(Checkbox.java:17)
at com.mypractices.Checkbox.setUp(Checkbox.java:17)
at com.mypractices.Checkbox.setUp(Checkbox.java:17)
at com.mypractices.Checkbox.setUp(Checkbox.java:17)
at com.mypractices.Checkbox.setUp(Checkbox.java:17)
at com.mypractices.Checkbox.setUp(Checkbox.java:17)
at com.mypractices.Checkbox.setUp(Checkbox.java:17)
at com.mypractices.Checkbox.setUp(Checkbox.java:17)
at com.mypractices.Checkbox.setUp(Checkbox.java:17)
at com.mypractices.Checkbox.setUp(Checkbox.java:17)
at com.mypractices.Checkbox.setUp(Checkbox.java:17)
at com.mypractices.Checkbox.setUp(Checkbox.java:17)
at com.mypractices.Checkbox.setUp(Checkbox.java:17)
at com.mypractices.Checkbox.setUp(Checkbox.java:17)
at com.mypractices.Checkbox.setUp(Checkbox.java:17)
at com.mypractices.Checkbox.setUp(Checkbox.java:17)
at com.mypractices.Checkbox.setUp(Checkbox.java:17)
at com.mypractices.Checkbox.setUp(Checkbox.java:17)
at com.mypractices.Checkbox.setUp(Checkbox.java:17)
at com.mypractices.Checkbox.setUp(Checkbox.java:17)
at com.mypractices.Checkbox.setUp(Checkbox.java:17)
at com.mypractices.Checkbox.setUp(Checkbox.java:17)
at com.mypractices.Checkbox.setUp(Checkbox.java:17)
at com.mypractices.Checkbox.setUp(Checkbox.java:17)
at com.mypractices.Checkbox.setUp(Checkbox.java:17)
at com.mypractices.Checkbox.setUp(Checkbox.java:17)
at com.mypractices.Checkbox.setUp(Checkbox.java:17)
at com.mypractices.Checkbox.setUp(Checkbox.java:17)
at com.mypractices.Checkbox.setUp(Checkbox.java:17)
at com.mypractices.Checkbox.setUp(Checkbox.java:17)
at com.mypractices.Checkbox.setUp(Checkbox.java:17)
at com.mypractices.Checkbox.setUp(Checkbox.java:17)
at com.mypractices.Checkbox.setUp(Checkbox.java:17)
at com.mypractices.Checkbox.setUp(Checkbox.java:17)
at com.mypractices.Checkbox.setUp(Checkbox.java:17)
at com.mypractices.Checkbox.setUp(Checkbox.java:17)
at com.mypractices.Checkbox.setUp(Checkbox.java:17)
at com.mypractices.Checkbox.setUp(Checkbox.java:17)
at com.mypractices.Checkbox.setUp(Checkbox.java:17)
at com.mypractices.Checkbox.setUp(Checkbox.java:17)
at com.mypractices.Checkbox.setUp(Checkbox.java:17)
at com.mypractices.Checkbox.setUp(Checkbox.java:17)
at com.mypractices.Checkbox.setUp(Checkbox.java:17)
at com.mypractices.Checkbox.setUp(Checkbox.java:17)
at com.mypractices.Checkbox.setUp(Checkbox.java:17)
at com.mypractices.Checkbox.setUp(Checkbox.java:17)
at com.mypractices.Checkbox.setUp(Checkbox.java:17)
at com.mypractices.Checkbox.setUp(Checkbox.java:17)
at com.mypractices.Checkbox.setUp(Checkbox.java:17)
at com.mypractices.Checkbox.setUp(Checkbox.java:17)
at com.mypractices.Checkbox.setUp(Checkbox.java:17)
at com.mypractices.Checkbox.setUp(Checkbox.java:17)
at com.mypractices.Checkbox.setUp(Checkbox.java:17)
at com.mypractices.Checkbox.setUp(Checkbox.java:17)
at com.mypractices.Checkbox.setUp(Checkbox.java:17)
at com.mypractices.Checkbox.setUp(Checkbox.java:17)
at com.mypractices.Checkbox.setUp(Checkbox.java:17)
at com.mypractices.Checkbox.setUp(Checkbox.java:17)
at com.mypractices.Checkbox.setUp(Checkbox.java:17)
at com.mypractices.Checkbox.setUp(Checkbox.java:17)
at com.mypractices.Checkbox.setUp(Checkbox.java:17)
at com.mypractices.Checkbox.setUp(Checkbox.java:17)
at com.mypractices.Checkbox.setUp(Checkbox.java:17)
at com.mypractices.Checkbox.setUp(Checkbox.java:17)
at com.mypractices.Checkbox.setUp(Checkbox.java:17)
at com.mypractices.Checkbox.setUp(Checkbox.java:17)
at com.mypractices.Checkbox.setUp(Checkbox.java:17)
at com.mypractices.Checkbox.setUp(Checkbox.java:17)
at com.mypractices.Checkbox.setUp(Checkbox.java:17)
at com.mypractices.Checkbox.setUp(Checkbox.java:17)
at com.mypractices.Checkbox.setUp(Checkbox.java:17)
at com.mypractices.Checkbox.setUp(Checkbox.java:17)
at com.mypractices.Checkbox.setUp(Checkbox.java:17)
at com.mypractices.Checkbox.setUp(Checkbox.java:17)
at com.mypractices.Checkbox.setUp(Checkbox.java:17)
at com.mypractices.Checkbox.setUp(Checkbox.java:17)
at com.mypractices.Checkbox.setUp(Checkbox.java:17)
at com.mypractices.Checkbox.setUp(Checkbox.java:17)
at com.mypractices.Checkbox.setUp(Checkbox.java:17)
at com.mypractices.Checkbox.setUp(Checkbox.java:17)
at com.mypractices.Checkbox.setUp(Checkbox.java:17)
at com.mypractices.Checkbox.setUp(Checkbox.java:17)
at com.mypractices.Checkbox.setUp(Checkbox.java:17)
at com.mypractices.Checkbox.setUp(Checkbox.java:17)
at com.mypractices.Checkbox.setUp(Checkbox.java:17)
at com.mypractices.Checkbox.setUp(Checkbox.java:17)
at com.mypractices.Checkbox.setUp(Checkbox.java:17)
at com.mypractices.Checkbox.setUp(Checkbox.java:17)
at com.mypractices.Checkbox.setUp(Checkbox.java:17)
at com.mypractices.Checkbox.setUp(Checkbox.java:17)
at com.mypractices.Checkbox.setUp(Checkbox.java:17)
at com.mypractices.Checkbox.setUp(Checkbox.java:17)
at com.mypractices.Checkbox.setUp(Checkbox.java:17)
at com.mypractices.Checkbox.setUp(Checkbox.java:17)
at com.mypractices.Checkbox.setUp(Checkbox.java:17)
at com.mypractices.Checkbox.setUp(Checkbox.java:17)
at com.mypractices.Checkbox.setUp(Checkbox.java:17)
at com.mypractices.Checkbox.setUp(Checkbox.java:17)
at com.mypractices.Checkbox.setUp(Checkbox.java:17)
at com.mypractices.Checkbox.setUp(Checkbox.java:17)
at com.mypractices.Checkbox.setUp(Checkbox.java:17)
at com.mypractices.Checkbox.setUp(Checkbox.java:17)
at com.mypractices.Checkbox.setUp(Checkbox.java:17)
at com.mypractices.Checkbox.setUp(Checkbox.java:17)
at com.mypractices.Checkbox.setUp(Checkbox.java:17)
at com.mypractices.Checkbox.setUp(Checkbox.java:17)
at com.mypractices.Checkbox.setUp(Checkbox.java:17)
at com.mypractices.Checkbox.setUp(Checkbox.java:17)
at com.mypractices.Checkbox.setUp(Checkbox.java:17)
at com.mypractices.Checkbox.setUp(Checkbox.java:17)
at com.mypractices.Checkbox.setUp(Checkbox.java:17)
at com.mypractices.Checkbox.setUp(Checkbox.java:17)
at com.mypractices.Checkbox.setUp(Checkbox.java:17)
at com.mypractices.Checkbox.setUp(Checkbox.java:17)
at com.mypractices.Checkbox.setUp(Checkbox.java:17)
at com.mypractices.Checkbox.setUp(Checkbox.java:17)
at com.mypractices.Checkbox.setUp(Checkbox.java:17)
at com.mypractices.Checkbox.setUp(Checkbox.java:17)
at com.mypractices.Checkbox.setUp(Checkbox.java:17)
at com.mypractices.Checkbox.setUp(Checkbox.java:17)
at com.mypractices.Checkbox.setUp(Checkbox.java:17)
at com.mypractices.Checkbox.setUp(Checkbox.java:17)
at com.mypractices.Checkbox.setUp(Checkbox.java:17)
at com.mypractices.Checkbox.setUp(Checkbox.java:17)
at com.mypractices.Checkbox.setUp(Checkbox.java:17)
at com.mypractices.Checkbox.setUp(Checkbox.java:17)
at com.mypractices.Checkbox.setUp(Checkbox.java:17)
at com.mypractices.Checkbox.setUp(Checkbox.java:17)
at com.mypractices.Checkbox.setUp(Checkbox.java:17)
at com.mypractices.Checkbox.setUp(Checkbox.java:17)
at com.mypractices.Checkbox.setUp(Checkbox.java:17)
at com.mypractices.Checkbox.setUp(Checkbox.java:17)
at com.mypractices.Checkbox.setUp(Checkbox.java:17)
at com.mypractices.Checkbox.setUp(Checkbox.java:17)
at com.mypractices.Checkbox.setUp(Checkbox.java:17)
at com.mypractices.Checkbox.setUp(Checkbox.java:17)
at com.mypractices.Checkbox.setUp(Checkbox.java:17)
at com.mypractices.Checkbox.setUp(Checkbox.java:17)
at com.mypractices.Checkbox.setUp(Checkbox.java:17)
at com.mypractices.Checkbox.setUp(Checkbox.java:17)
at com.mypractices.Checkbox.setUp(Checkbox.java:17)
at com.mypractices.Checkbox.setUp(Checkbox.java:17)
at com.mypractices.Checkbox.setUp(Checkbox.java:17)
at com.mypractices.Checkbox.setUp(Checkbox.java:17)
at com.mypractices.Checkbox.setUp(Checkbox.java:17)
at com.mypractices.Checkbox.setUp(Checkbox.java:17)
at com.mypractices.Checkbox.setUp(Checkbox.java:17)
at com.mypractices.Checkbox.setUp(Checkbox.java:17)
at com.mypractices.Checkbox.setUp(Checkbox.java:17)
at com.mypractices.Checkbox.setUp(Checkbox.java:17)
at com.mypractices.Checkbox.setUp(Checkbox.java:17)
at com.mypractices.Checkbox.setUp(Checkbox.java:17)
at com.mypractices.Checkbox.setUp(Checkbox.java:17)
at com.mypractices.Checkbox.setUp(Checkbox.java:17)
at com.mypractices.Checkbox.setUp(Checkbox.java:17)
at com.mypractices.Checkbox.setUp(Checkbox.java:17)
at com.mypractices.Checkbox.setUp(Checkbox.java:17)
at com.mypractices.Checkbox.setUp(Checkbox.java:17)
at com.mypractices.Checkbox.setUp(Checkbox.java:17)
at com.mypractices.Checkbox.setUp(Checkbox.java:17)
at com.mypractices.Checkbox.setUp(Checkbox.java:17)
at com.mypractices.Checkbox.setUp(Checkbox.java:17)
at com.mypractices.Checkbox.setUp(Checkbox.java:17)
at com.mypractices.Checkbox.setUp(Checkbox.java:17)
at com.mypractices.Checkbox.setUp(Checkbox.java:17)
at com.mypractices.Checkbox.setUp(Checkbox.java:17)
at com.mypractices.Checkbox.setUp(Checkbox.java:17)
at com.mypractices.Checkbox.setUp(Checkbox.java:17)
at com.mypractices.Checkbox.setUp(Checkbox.java:17)
at com.mypractices.Checkbox.setUp(Checkbox.java:17)
at com.mypractices.Checkbox.setUp(Checkbox.java:17)
at com.mypractices.Checkbox.setUp(Checkbox.java:17)
at com.mypractices.Checkbox.setUp(Checkbox.java:17)
at com.mypractices.Checkbox.setUp(Checkbox.java:17)
at com.mypractices.Checkbox.setUp(Checkbox.java:17)
at com.mypractices.Checkbox.setUp(Checkbox.java:17)
at com.mypractices.Checkbox.setUp(Checkbox.java:17)
at com.mypractices.Checkbox.setUp(Checkbox.java:17)
at com.mypractices.Checkbox.setUp(Checkbox.java:17)
at com.mypractices.Checkbox.setUp(Checkbox.java:17)
at com.mypractices.Checkbox.setUp(Checkbox.java:17)
at com.mypractices.Checkbox.setUp(Checkbox.java:17)
at com.mypractices.Checkbox.setUp(Checkbox.java:17)
at com.mypractices.Checkbox.setUp(Checkbox.java:17)
at com.mypractices.Checkbox.setUp(Checkbox.java:17)
at com.mypractices.Checkbox.setUp(Checkbox.java:17)
at com.mypractices.Checkbox.setUp(Checkbox.java:17)
at com.mypractices.Checkbox.setUp(Checkbox.java:17)
at com.mypractices.Checkbox.setUp(Checkbox.java:17)
at com.mypractices.Checkbox.setUp(Checkbox.java:17)
at com.mypractices.Checkbox.setUp(Checkbox.java:17)
at com.mypractices.Checkbox.setUp(Checkbox.java:17)
at com.mypractices.Checkbox.setUp(Checkbox.java:17)
at com.mypractices.Checkbox.setUp(Checkbox.java:17)
at com.mypractices.Checkbox.setUp(Checkbox.java:17)
at com.mypractices.Checkbox.setUp(Checkbox.java:17)
at com.mypractices.Checkbox.setUp(Checkbox.java:17)
at com.mypractices.Checkbox.setUp(Checkbox.java:17)
at com.mypractices.Checkbox.setUp(Checkbox.java:17)
at com.mypractices.Checkbox.setUp(Checkbox.java:17)
at com.mypractices.Checkbox.setUp(Checkbox.java:17)
at com.mypractices.Checkbox.setUp(Checkbox.java:17)
at com.mypractices.Checkbox.setUp(Checkbox.java:17)
at com.mypractices.Checkbox.setUp(Checkbox.java:17)
at com.mypractices.Checkbox.setUp(Checkbox.java:17)
at com.mypractices.Checkbox.setUp(Checkbox.java:17)
at com.mypractices.Checkbox.setUp(Checkbox.java:17)
at com.mypractices.Checkbox.setUp(Checkbox.java:17)
at com.mypractices.Checkbox.setUp(Checkbox.java:17)
at com.mypractices.Checkbox.setUp(Checkbox.java:17)
at com.mypractices.Checkbox.setUp(Checkbox.java:17)
at com.mypractices.Checkbox.setUp(Checkbox.java:17)
at com.mypractices.Checkbox.setUp(Checkbox.java:17)
at com.mypractices.Checkbox.setUp(Checkbox.java:17)
at com.mypractices.Checkbox.setUp(Checkbox.java:17)
at com.mypractices.Checkbox.setUp(Checkbox.java:17)
at com.mypractices.Checkbox.setUp(Checkbox.java:17)
at com.mypractices.Checkbox.setUp(Checkbox.java:17)
at com.mypractices.Checkbox.setUp(Checkbox.java:17)
at com.mypractices.Checkbox.setUp(Checkbox.java:17)
at com.mypractices.Checkbox.setUp(Checkbox.java:17)
at com.mypractices.Checkbox.setUp(Checkbox.java:17)
at com.mypractices.Checkbox.setUp(Checkbox.java:17)
at com.mypractices.Checkbox.setUp(Checkbox.java:17)
at com.mypractices.Checkbox.setUp(Checkbox.java:17)
at com.mypractices.Checkbox.setUp(Checkbox.java:17)
at com.mypractices.Checkbox.setUp(Checkbox.java:17)
at com.mypractices.Checkbox.setUp(Checkbox.java:17)
at com.mypractices.Checkbox.setUp(Checkbox.java:17)
at com.mypractices.Checkbox.setUp(Checkbox.java:17)
at com.mypractices.Checkbox.setUp(Checkbox.java:17)
at com.mypractices.Checkbox.setUp(Checkbox.java:17)
at com.mypractices.Checkbox.setUp(Checkbox.java:17)
at com.mypractices.Checkbox.setUp(Checkbox.java:17)
at com.mypractices.Checkbox.setUp(Checkbox.java:17)
at com.mypractices.Checkbox.setUp(Checkbox.java:17)
at com.mypractices.Checkbox.setUp(Checkbox.java:17)
at com.mypractices.Checkbox.setUp(Checkbox.java:17)
at com.mypractices.Checkbox.setUp(Checkbox.java:17)
at com.mypractices.Checkbox.setUp(Checkbox.java:17)
at com.mypractices.Checkbox.setUp(Checkbox.java:17)
at com.mypractices.Checkbox.setUp(Checkbox.java:17)
at com.mypractices.Checkbox.setUp(Checkbox.java:17)
at com.mypractices.Checkbox.setUp(Checkbox.java:17)
at com.mypractices.Checkbox.setUp(Checkbox.java:17)
at com.mypractices.Checkbox.setUp(Checkbox.java:17)
at com.mypractices.Checkbox.setUp(Checkbox.java:17)
at com.mypractices.Checkbox.setUp(Checkbox.java:17)
at com.mypractices.Checkbox.setUp(Checkbox.java:17)
at com.mypractices.Checkbox.setUp(Checkbox.java:17)
at com.mypractices.Checkbox.setUp(Checkbox.java:17)
at com.mypractices.Checkbox.setUp(Checkbox.java:17)
at com.mypractices.Checkbox.setUp(Checkbox.java:17)
at com.mypractices.Checkbox.setUp(Checkbox.java:17)
at com.mypractices.Checkbox.setUp(Checkbox.java:17)
at com.mypractices.Checkbox.setUp(Checkbox.java:17)
at com.mypractices.Checkbox.setUp(Checkbox.java:17)
at com.mypractices.Checkbox.setUp(Checkbox.java:17)
at com.mypractices.Checkbox.setUp(Checkbox.java:17)
at com.mypractices.Checkbox.setUp(Checkbox.java:17)
at com.mypractices.Checkbox.setUp(Checkbox.java:17)
at com.mypractices.Checkbox.setUp(Checkbox.java:17)
at com.mypractices.Checkbox.setUp(Checkbox.java:17)
at com.mypractices.Checkbox.setUp(Checkbox.java:17)
at com.mypractices.Checkbox.setUp(Checkbox.java:17)
at com.mypractices.Checkbox.setUp(Checkbox.java:17)
at com.mypractices.Checkbox.setUp(Checkbox.java:17)
at com.mypractices.Checkbox.setUp(Checkbox.java:17)
at com.mypractices.Checkbox.setUp(Checkbox.java:17)
at com.mypractices.Checkbox.setUp(Checkbox.java:17)
at com.mypractices.Checkbox.setUp(Checkbox.java:17)
at com.mypractices.Checkbox.setUp(Checkbox.java:17)
at com.mypractices.Checkbox.setUp(Checkbox.java:17)
at com.mypractices.Checkbox.setUp(Checkbox.java:17)
at com.mypractices.Checkbox.setUp(Checkbox.java:17)
at com.mypractices.Checkbox.setUp(Checkbox.java:17)
at com.mypractices.Checkbox.setUp(Checkbox.java:17)
at com.mypractices.Checkbox.setUp(Checkbox.java:17)
at com.mypractices.Checkbox.setUp(Checkbox.java:17)
at com.mypractices.Checkbox.setUp(Checkbox.java:17)
at com.mypractices.Checkbox.setUp(Checkbox.java:17)
at com.mypractices.Checkbox.setUp(Checkbox.java:17)
at com.mypractices.Checkbox.setUp(Checkbox.java:17)
at com.mypractices.Checkbox.setUp(Checkbox.java:17)
at com.mypractices.Checkbox.setUp(Checkbox.java:17)
at com.mypractices.Checkbox.setUp(Checkbox.java:17)
at com.mypractices.Checkbox.setUp(Checkbox.java:17)
at com.mypractices.Checkbox.setUp(Checkbox.java:17)
at com.mypractices.Checkbox.setUp(Checkbox.java:17)
at com.mypractices.Checkbox.setUp(Checkbox.java:17)
at com.mypractices.Checkbox.setUp(Checkbox.java:17)
at com.mypractices.Checkbox.setUp(Checkbox.java:17)
at com.mypractices.Checkbox.setUp(Checkbox.java:17)
at com.mypractices.Checkbox.setUp(Checkbox.java:17)
at com.mypractices.Checkbox.setUp(Checkbox.java:17)
at com.mypractices.Checkbox.setUp(Checkbox.java:17)
at com.mypractices.Checkbox.setUp(Checkbox.java:17)
at com.mypractices.Checkbox.setUp(Checkbox.java:17)
at com.mypractices.Checkbox.setUp(Checkbox.java:17)
at com.mypractices.Checkbox.setUp(Checkbox.java:17)
at com.mypractices.Checkbox.setUp(Checkbox.java:17)
at com.mypractices.Checkbox.setUp(Checkbox.java:17)
at com.mypractices.Checkbox.setUp(Checkbox.java:17)
at com.mypractices.Checkbox.setUp(Checkbox.java:17)
at com.mypractices.Checkbox.setUp(Checkbox.java:17)
at com.mypractices.Checkbox.setUp(Checkbox.java:17)
at com.mypractices.Checkbox.setUp(Checkbox.java:17)
at com.mypractices.Checkbox.setUp(Checkbox.java:17)
at com.mypractices.Checkbox.setUp(Checkbox.java:17)
at com.mypractices.Checkbox.setUp(Checkbox.java:17)
at com.mypractices.Checkbox.setUp(Checkbox.java:17)
at com.mypractices.Checkbox.setUp(Checkbox.java:17)
at com.mypractices.Checkbox.setUp(Checkbox.java:17)
at com.mypractices.Checkbox.setUp(Checkbox.java:17)
at com.mypractices.Checkbox.setUp(Checkbox.java:17)
at com.mypractices.Checkbox.setUp(Checkbox.java:17)
at com.mypractices.Checkbox.setUp(Checkbox.java:17)
at com.mypractices.Checkbox.setUp(Checkbox.java:17)
at com.mypractices.Checkbox.setUp(Checkbox.java:17)
at com.mypractices.Checkbox.setUp(Checkbox.java:17)
at com.mypractices.Checkbox.setUp(Checkbox.java:17)
at com.mypractices.Checkbox.setUp(Checkbox.java:17)
at com.mypractices.Checkbox.setUp(Checkbox.java:17)
at com.mypractices.Checkbox.setUp(Checkbox.java:17)
at com.mypractices.Checkbox.setUp(Checkbox.java:17)
at com.mypractices.Checkbox.setUp(Checkbox.java:17)
at com.mypractices.Checkbox.setUp(Checkbox.java:17)
at com.mypractices.Checkbox.setUp(Checkbox.java:17)
at com.mypractices.Checkbox.setUp(Checkbox.java:17)
at com.mypractices.Checkbox.setUp(Checkbox.java:17)
at com.mypractices.Checkbox.setUp(Checkbox.java:17)
at com.mypractices.Checkbox.setUp(Checkbox.java:17)
at com.mypractices.Checkbox.setUp(Checkbox.java:17)
at com.mypractices.Checkbox.setUp(Checkbox.java:17)
at com.mypractices.Checkbox.setUp(Checkbox.java:17)
at com.mypractices.Checkbox.setUp(Checkbox.java:17)
at com.mypractices.Checkbox.setUp(Checkbox.java:17)
at com.mypractices.Checkbox.setUp(Checkbox.java:17)
at com.mypractices.Checkbox.setUp(Checkbox.java:17)
at com.mypractices.Checkbox.setUp(Checkbox.java:17)
at com.mypractices.Checkbox.setUp(Checkbox.java:17)
at com.mypractices.Checkbox.setUp(Checkbox.java:17)
at com.mypractices.Checkbox.setUp(Checkbox.java:17)
at com.mypractices.Checkbox.setUp(Checkbox.java:17)
at com.mypractices.Checkbox.setUp(Checkbox.java:17)
at com.mypractices.Checkbox.setUp(Checkbox.java:17)
at com.mypractices.Checkbox.setUp(Checkbox.java:17)
at com.mypractices.Checkbox.setUp(Checkbox.java:17)
at com.mypractices.Checkbox.setUp(Checkbox.java:17)
at com.mypractices.Checkbox.setUp(Checkbox.java:17)
at com.mypractices.Checkbox.setUp(Checkbox.java:17)
at com.mypractices.Checkbox.setUp(Checkbox.java:17)
at com.mypractices.Checkbox.setUp(Checkbox.java:17)
at com.mypractices.Checkbox.setUp(Checkbox.java:17)
at com.mypractices.Checkbox.setUp(Checkbox.java:17)
at com.mypractices.Checkbox.setUp(Checkbox.java:17)
at com.mypractices.Checkbox.setUp(Checkbox.java:17)
at com.mypractices.Checkbox.setUp(Checkbox.java:17)
at com.mypractices.Checkbox.setUp(Checkbox.java:17)
at com.mypractices.Checkbox.setUp(Checkbox.java:17)
at com.mypractices.Checkbox.setUp(Checkbox.java:17)
at com.mypractices.Checkbox.setUp(Checkbox.java:17)
at com.mypractices.Checkbox.setUp(Checkbox.java:17)
at com.mypractices.Checkbox.setUp(Checkbox.java:17)
at com.mypractices.Checkbox.setUp(Checkbox.java:17)
at com.mypractices.Checkbox.setUp(Checkbox.java:17)
at com.mypractices.Checkbox.setUp(Checkbox.java:17)
at com.mypractices.Checkbox.setUp(Checkbox.java:17)
at com.mypractices.Checkbox.setUp(Checkbox.java:17)
at com.mypractices.Checkbox.setUp(Checkbox.java:17)
at com.mypractices.Checkbox.setUp(Checkbox.java:17)
at com.mypractices.Checkbox.setUp(Checkbox.java:17)
at com.mypractices.Checkbox.setUp(Checkbox.java:17)
at com.mypractices.Checkbox.setUp(Checkbox.java:17)
at com.mypractices.Checkbox.setUp(Checkbox.java:17)
at com.mypractices.Checkbox.setUp(Checkbox.java:17)
at com.mypractices.Checkbox.setUp(Checkbox.java:17)
at com.mypractices.Checkbox.setUp(Checkbox.java:17)
at com.mypractices.Checkbox.setUp(Checkbox.java:17)
at com.mypractices.Checkbox.setUp(Checkbox.java:17)
at com.mypractices.Checkbox.setUp(Checkbox.java:17)
at com.mypractices.Checkbox.setUp(Checkbox.java:17)
at com.mypractices.Checkbox.setUp(Checkbox.java:17)
at com.mypractices.Checkbox.setUp(Checkbox.java:17)
at com.mypractices.Checkbox.setUp(Checkbox.java:17)
at com.mypractices.Checkbox.setUp(Checkbox.java:17)
at com.mypractices.Checkbox.setUp(Checkbox.java:17)
at com.mypractices.Checkbox.setUp(Checkbox.java:17)
at com.mypractices.Checkbox.setUp(Checkbox.java:17)
at com.mypractices.Checkbox.setUp(Checkbox.java:17)
at com.mypractices.Checkbox.setUp(Checkbox.java:17)
at com.mypractices.Checkbox.setUp(Checkbox.java:17)
at com.mypractices.Checkbox.setUp(Checkbox.java:17)
at com.mypractices.Checkbox.setUp(Checkbox.java:17)
at com.mypractices.Checkbox.setUp(Checkbox.java:17)
at com.mypractices.Checkbox.setUp(Checkbox.java:17)
at com.mypractices.Checkbox.setUp(Checkbox.java:17)
at com.mypractices.Checkbox.setUp(Checkbox.java:17)
at com.mypractices.Checkbox.setUp(Checkbox.java:17)
at com.mypractices.Checkbox.setUp(Checkbox.java:17)
at com.mypractices.Checkbox.setUp(Checkbox.java:17)
at com.mypractices.Checkbox.setUp(Checkbox.java:17)
at com.mypractices.Checkbox.setUp(Checkbox.java:17)
at com.mypractices.Checkbox.setUp(Checkbox.java:17)
at com.mypractices.Checkbox.setUp(Checkbox.java:17)
at com.mypractices.Checkbox.setUp(Checkbox.java:17)
]]>
    </error>
  </testcase> <!-- setUp -->
  <system-out/>
  <testcase name="checkbox" time="0.000" classname="com.mypractices.Checkbox">
    <skipped/>
  </testcase> <!-- checkbox -->
  <system-out/>
</testsuite> <!-- com.mypractices.Checkbox -->
